  Face.cpp
  Group.cpp
c:\users\junior\tga\sabertooth\group.cpp(69): error C2664: 'void std::vector<Face *,std::allocator<_Ty>>::push_back(_Ty &&)': não é possível converter um argumento 1 de 'Face' em 'Face *const &'
          with
          [
              _Ty=Face *
          ]
  c:\users\junior\tga\sabertooth\group.cpp(69): note: Razão: não é possível converter de 'Face' para 'Face *const '
  c:\users\junior\tga\sabertooth\group.cpp(69): note: Nenhum operador de conversão definida pelo usuário disponível que possa realizar esta conversão, ou o operador não pode ser chamado
c:\users\junior\tga\sabertooth\group.cpp(71): error C2664: 'void std::vector<Face *,std::allocator<_Ty>>::push_back(_Ty &&)': não é possível converter um argumento 1 de 'Face' em 'Face *const &'
          with
          [
              _Ty=Face *
          ]
  c:\users\junior\tga\sabertooth\group.cpp(71): note: Razão: não é possível converter de 'Face' para 'Face *const '
  c:\users\junior\tga\sabertooth\group.cpp(71): note: Nenhum operador de conversão definida pelo usuário disponível que possa realizar esta conversão, ou o operador não pode ser chamado
c:\users\junior\tga\sabertooth\group.cpp(75): error C2664: 'void std::vector<Face *,std::allocator<_Ty>>::push_back(_Ty &&)': não é possível converter um argumento 1 de 'Face' em 'Face *const &'
          with
          [
              _Ty=Face *
          ]
  c:\users\junior\tga\sabertooth\group.cpp(75): note: Razão: não é possível converter de 'Face' para 'Face *const '
  c:\users\junior\tga\sabertooth\group.cpp(75): note: Nenhum operador de conversão definida pelo usuário disponível que possa realizar esta conversão, ou o operador não pode ser chamado
  main.cpp
  Material.cpp
  Mesh.cpp
  OBJReader.cpp
c:\users\junior\tga\sabertooth\objreader.cpp(43): error C2039: 'AddVertex': não é um membro de 'Mesh'
  c:\users\junior\tga\sabertooth\mesh.h(16): note: consulte a declaração de 'Mesh'
c:\users\junior\tga\sabertooth\objreader.cpp(50): error C2039: 'AddNormal': não é um membro de 'Mesh'
  c:\users\junior\tga\sabertooth\mesh.h(16): note: consulte a declaração de 'Mesh'
c:\users\junior\tga\sabertooth\objreader.cpp(56): error C2039: 'AddMapping': não é um membro de 'Mesh'
  c:\users\junior\tga\sabertooth\mesh.h(16): note: consulte a declaração de 'Mesh'
  Shader.cpp
  Texture.cpp
c:\users\junior\tga\sabertooth\texture.cpp(20): warning C4101: 'height': variável local não referenciada
c:\users\junior\tga\sabertooth\texture.cpp(20): warning C4101: 'width': variável local não referenciada
c:\users\junior\tga\sabertooth\texture.cpp(21): warning C4101: 'image': variável local não referenciada
  Gerando Código...
